#-----------------------------------------------------------
# Webtalk v2018.3 (64-bit)
# SW Build 2405991 on Thu Dec  6 23:38:27 MST 2018
# 
# Start of session at: Thu Sep 19 23:12:23 2024
# Process ID: 12300
# Current directory: G:/Git/fpgaLearning/Neptune/vivado2018/MIO_PSLED/MIO_PSLED/MIO_PSLED.sdk/webtalk
# Command line: wbtcv.exe -mode batch -source sdk_webtalk.tcl
# Log file: G:/Git/fpgaLearning/Neptune/vivado2018/MIO_PSLED/MIO_PSLED/MIO_PSLED.sdk/webtalk/webtalk.log
# Journal file: G:/Git/fpgaLearning/Neptune/vivado2018/MIO_PSLED/MIO_PSLED/MIO_PSLED.sdk/webtalk\webtalk.jou
#-----------------------------------------------------------
source sdk_webtalk.tcl
# webtalk_init -webtalk_dir G:\\Git\\fpgaLearning\\Neptune\\vivado2018\\MIO_PSLED\\MIO_PSLED\\MIO_PSLED.sdk\\webtalk
# webtalk_register_client -client project
# webtalk_add_data -client project -key date_generated -value "2024-09-19 23:12:20" -context "software_version_and_target_device"
# webtalk_add_data -client project -key product_version -value "SDK v2018.3" -context "software_version_and_target_device"
# webtalk_add_data -client project -key build_version -value "2018.3" -context "software_version_and_target_device"
# webtalk_add_data -client project -key os_platform -value "amd64" -context "software_version_and_target_device"
# webtalk_add_data -client project -key registration_id -value "" -context "software_version_and_target_device"
# webtalk_add_data -client project -key tool_flow -value "SDK" -context "software_version_and_target_device"
# webtalk_add_data -client project -key beta -value "false" -context "software_version_and_target_device"
# webtalk_add_data -client project -key route_design -value "NA" -context "software_version_and_target_device"
# webtalk_add_data -client project -key target_family -value "NA" -context "software_version_and_target_device"
# webtalk_add_data -client project -key target_device -value "NA" -context "software_version_and_target_device"
# webtalk_add_data -client project -key target_package -value "NA" -context "software_version_and_target_device"
# webtalk_add_data -client project -key target_speed -value "NA" -context "software_version_and_target_device"
# webtalk_add_data -client project -key random_id -value "7ps2220dva8ujuaed4me67kid0" -context "software_version_and_target_device"
# webtalk_add_data -client project -key project_id -value "2018.3_9" -context "software_version_and_target_device"
# webtalk_add_data -client project -key project_iteration -value "9" -context "software_version_and_target_device"
# webtalk_add_data -client project -key os_name -value "Microsoft Windows 8 or later , 64-bit" -context "user_environment"
# webtalk_add_data -client project -key os_release -value "major release  (build 9200)" -context "user_environment"
# webtalk_add_data -client project -key cpu_name -value "Intel(R) Xeon(R) CPU E5-2698B v3 @ 2.00GHz" -context "user_environment"
# webtalk_add_data -client project -key cpu_speed -value "1995 MHz" -context "user_environment"
# webtalk_add_data -client project -key total_processors -value "1" -context "user_environment"
# webtalk_add_data -client project -key system_ram -value "34.193 GB" -context "user_environment"
# webtalk_register_client -client sdk
# webtalk_add_data -client sdk -key uid -value "1726758545053" -context "sdk\\\\hardware/1726758545053"
# webtalk_add_data -client sdk -key isZynq -value "true" -context "sdk\\\\hardware/1726758545053"
# webtalk_add_data -client sdk -key isZynqMP -value "false" -context "sdk\\\\hardware/1726758545053"
# webtalk_add_data -client sdk -key Processors -value "2" -context "sdk\\\\hardware/1726758545053"
# webtalk_add_data -client sdk -key VivadoVersion -value "2018.3" -context "sdk\\\\hardware/1726758545053"
# webtalk_add_data -client sdk -key Arch -value "zynq" -context "sdk\\\\hardware/1726758545053"
# webtalk_add_data -client sdk -key Device -value "7z020" -context "sdk\\\\hardware/1726758545053"
# webtalk_add_data -client sdk -key IsHandoff -value "true" -context "sdk\\\\hardware/1726758545053"
# webtalk_add_data -client sdk -key os -value "NA" -context "sdk\\\\hardware/1726758545053"
# webtalk_add_data -client sdk -key apptemplate -value "NA" -context "sdk\\\\hardware/1726758545053"
# webtalk_add_data -client sdk -key RecordType -value "HWCreation" -context "sdk\\\\hardware/1726758545053"
# webtalk_add_data -client sdk -key uid -value "1726758575341" -context "sdk\\\\bsp/1726758575341"
# webtalk_add_data -client sdk -key hwid -value "1726758545053" -context "sdk\\\\bsp/1726758575341"
# webtalk_add_data -client sdk -key os -value "standalone" -context "sdk\\\\bsp/1726758575341"
# webtalk_add_data -client sdk -key apptemplate -value "hello_world" -context "sdk\\\\bsp/1726758575341"
# webtalk_add_data -client sdk -key RecordType -value "BSPCreation" -context "sdk\\\\bsp/1726758575341"
# webtalk_add_data -client sdk -key uid -value "1726758580325" -context "sdk\\\\application/1726758580325"
# webtalk_add_data -client sdk -key hwid -value "1726758545053" -context "sdk\\\\application/1726758580325"
# webtalk_add_data -client sdk -key bspid -value "1726758575341" -context "sdk\\\\application/1726758580325"
# webtalk_add_data -client sdk -key newbsp -value "true" -context "sdk\\\\application/1726758580325"
# webtalk_add_data -client sdk -key os -value "standalone" -context "sdk\\\\application/1726758580325"
# webtalk_add_data -client sdk -key apptemplate -value "hello_world" -context "sdk\\\\application/1726758580325"
# webtalk_add_data -client sdk -key RecordType -value "APPCreation" -context "sdk\\\\application/1726758580325"
# webtalk_add_data -client sdk -key LangUsed -value "C" -context "sdk\\\\application/1726758580325"
# webtalk_add_data -client sdk -key Procused -value "ps7_cortexa9" -context "sdk\\\\application/1726758580325"
# webtalk_add_data -client sdk -key projSize -value "300.83203125" -context "sdk\\\\application/1726758580325"
# webtalk_add_data -client sdk -key uid -value "NA" -context "sdk\\\\bsp/1726758740415"
# webtalk_add_data -client sdk -key RecordType -value "ToolUsage" -context "sdk\\\\bsp/1726758740415"
# webtalk_add_data -client sdk -key BootgenCount -value "0" -context "sdk\\\\bsp/1726758740415"
# webtalk_add_data -client sdk -key DebugCount -value "2" -context "sdk\\\\bsp/1726758740415"
# webtalk_add_data -client sdk -key PerfCount -value "0" -context "sdk\\\\bsp/1726758740415"
# webtalk_add_data -client sdk -key FlashCount -value "0" -context "sdk\\\\bsp/1726758740415"
# webtalk_add_data -client sdk -key CrossTriggCount -value "0" -context "sdk\\\\bsp/1726758740415"
# webtalk_add_data -client sdk -key QemuDebugCount -value "0" -context "sdk\\\\bsp/1726758740415"
# webtalk_transmit -clientid 3652856872 -regid "" -xml G:\\Git\\fpgaLearning\\Neptune\\vivado2018\\MIO_PSLED\\MIO_PSLED\\MIO_PSLED.sdk\\webtalk\\usage_statistics_ext_sdk.xml -html G:\\Git\\fpgaLearning\\Neptune\\vivado2018\\MIO_PSLED\\MIO_PSLED\\MIO_PSLED.sdk\\webtalk\\usage_statistics_ext_sdk.html -wdm G:\\Git\\fpgaLearning\\Neptune\\vivado2018\\MIO_PSLED\\MIO_PSLED\\MIO_PSLED.sdk\\webtalk\\sdk_webtalk.wdm -intro "<H3>SDK Usage Report</H3><BR>"
# webtalk_terminate
INFO: [Common 17-206] Exiting Webtalk at Thu Sep 19 23:12:34 2024...
