23:08:57 INFO  : Registering command handlers for SDK TCF services
23:08:57 INFO  : Launching XSCT server: xsct.bat -interactive G:\Git\fpgaLearning\Neptune\vivado2018\MIO_PSLED\MIO_PSLED\MIO_PSLED.sdk\temp_xsdb_launch_script.tcl
23:09:01 INFO  : XSCT server has started successfully.
23:09:01 INFO  : Successfully done setting XSCT server connection channel  
23:09:01 INFO  : Processing command line option -hwspec G:/Git/fpgaLearning/Neptune/vivado2018/MIO_PSLED/MIO_PSLED/MIO_PSLED.sdk/mio_psled_design_wrapper.hdf.
23:09:01 INFO  : Successfully done setting SDK workspace  
23:11:16 INFO  : 'targets -set -filter {jtag_cable_name =~ "Digilent JTAG-SMT3 210357A7D00EA" && level==0} -index 1' command is executed.
23:11:16 INFO  : 'fpga -state' command is executed.
23:11:18 INFO  : Memory regions updated for context APU
23:11:30 INFO  : Connected to target on host '127.0.0.1' and port '3121'.
23:11:30 INFO  : Jtag cable 'Digilent JTAG-SMT3 210357A7D00EA' is selected.
23:11:30 INFO  : 'jtag frequency' command is executed.
23:11:30 INFO  : Sourcing of 'G:/Git/fpgaLearning/Neptune/vivado2018/MIO_PSLED/MIO_PSLED/MIO_PSLED.sdk/mio_psled_design_wrapper_hw_platform_0/ps7_init.tcl' is done.
23:11:30 INFO  : Context for 'APU' is selected.
23:11:30 INFO  : System reset is completed.
23:11:33 INFO  : 'after 3000' command is executed.
23:11:33 INFO  : 'targets -set -filter {jtag_cable_name =~ "Digilent JTAG-SMT3 210357A7D00EA" && level==0} -index 1' command is executed.
23:11:36 INFO  : FPGA configured successfully with bitstream "G:/Git/fpgaLearning/Neptune/vivado2018/MIO_PSLED/MIO_PSLED/MIO_PSLED.sdk/mio_psled_design_wrapper_hw_platform_0/mio_psled_design_wrapper.bit"
23:11:36 INFO  : Context for 'APU' is selected.
23:11:36 INFO  : Hardware design information is loaded from 'G:/Git/fpgaLearning/Neptune/vivado2018/MIO_PSLED/MIO_PSLED/MIO_PSLED.sdk/mio_psled_design_wrapper_hw_platform_0/system.hdf'.
23:11:36 INFO  : 'configparams force-mem-access 1' command is executed.
23:11:36 INFO  : Context for 'APU' is selected.
23:11:36 INFO  : 'ps7_init' command is executed.
23:11:36 INFO  : 'ps7_post_config' command is executed.
23:11:36 INFO  : Context for processor 'ps7_cortexa9_0' is selected.
23:11:37 INFO  : The application 'G:/Git/fpgaLearning/Neptune/vivado2018/MIO_PSLED/MIO_PSLED/MIO_PSLED.sdk/MIO_PSLED_SDK/Debug/MIO_PSLED_SDK.elf' is downloaded to processor 'ps7_cortexa9_0'.
23:11:37 INFO  : 'configparams force-mem-access 0' command is executed.
23:11:37 INFO  : ----------------XSDB Script----------------
connect -url tcp:127.0.0.1:3121
source G:/Git/fpgaLearning/Neptune/vivado2018/MIO_PSLED/MIO_PSLED/MIO_PSLED.sdk/mio_psled_design_wrapper_hw_platform_0/ps7_init.tcl
targets -set -nocase -filter {name =~"APU*" && jtag_cable_name =~ "Digilent JTAG-SMT3 210357A7D00EA"} -index 0
rst -system
after 3000
targets -set -filter {jtag_cable_name =~ "Digilent JTAG-SMT3 210357A7D00EA" && level==0} -index 1
fpga -file G:/Git/fpgaLearning/Neptune/vivado2018/MIO_PSLED/MIO_PSLED/MIO_PSLED.sdk/mio_psled_design_wrapper_hw_platform_0/mio_psled_design_wrapper.bit
targets -set -nocase -filter {name =~"APU*" && jtag_cable_name =~ "Digilent JTAG-SMT3 210357A7D00EA"} -index 0
loadhw -hw G:/Git/fpgaLearning/Neptune/vivado2018/MIO_PSLED/MIO_PSLED/MIO_PSLED.sdk/mio_psled_design_wrapper_hw_platform_0/system.hdf -mem-ranges [list {0x40000000 0xbfffffff}]
configparams force-mem-access 1
targets -set -nocase -filter {name =~"APU*" && jtag_cable_name =~ "Digilent JTAG-SMT3 210357A7D00EA"} -index 0
ps7_init
ps7_post_config
targets -set -nocase -filter {name =~ "ARM*#0" && jtag_cable_name =~ "Digilent JTAG-SMT3 210357A7D00EA"} -index 0
dow G:/Git/fpgaLearning/Neptune/vivado2018/MIO_PSLED/MIO_PSLED/MIO_PSLED.sdk/MIO_PSLED_SDK/Debug/MIO_PSLED_SDK.elf
configparams force-mem-access 0
----------------End of Script----------------

23:11:37 INFO  : Memory regions updated for context APU
23:11:37 INFO  : Context for processor 'ps7_cortexa9_0' is selected.
23:11:37 INFO  : 'con' command is executed.
23:11:37 INFO  : ----------------XSDB Script (After Launch)----------------
targets -set -nocase -filter {name =~ "ARM*#0" && jtag_cable_name =~ "Digilent JTAG-SMT3 210357A7D00EA"} -index 0
con
----------------End of Script----------------

23:11:37 INFO  : Launch script is exported to file 'G:\Git\fpgaLearning\Neptune\vivado2018\MIO_PSLED\MIO_PSLED\MIO_PSLED.sdk\.sdk\launch_scripts\xilinx_c-c++_application_(system_debugger)\system_debugger_using_debug_mio_psled_sdk.elf_on_local.tcl'
23:12:20 INFO  : Disconnected from the channel tcfchan#1.
