22:17:21 INFO  : Registering command handlers for SDK TCF services
22:17:22 INFO  : Launching XSCT server: xsct.bat -interactive G:\Git\fpgaLearning\YeHuo\vivado2018\emio\emio\emio.sdk\temp_xsdb_launch_script.tcl
22:17:25 INFO  : XSCT server has started successfully.
22:17:25 INFO  : Successfully done setting XSCT server connection channel  
22:17:25 INFO  : Successfully done setting SDK workspace  
22:17:25 INFO  : Processing command line option -hwspec G:/Git/fpgaLearning/YeHuo/vivado2018/emio/emio/emio.sdk/emio_design_wrapper.hdf.
22:19:26 INFO  : 'targets -set -filter {jtag_cable_name =~ "Digilent JTAG-SMT3 210357A7D00EA" && level==0} -index 1' command is executed.
22:19:26 INFO  : 'fpga -state' command is executed.
22:19:38 INFO  : Connected to target on host '127.0.0.1' and port '3121'.
22:19:38 INFO  : Jtag cable 'Digilent JTAG-SMT3 210357A7D00EA' is selected.
22:19:38 INFO  : 'jtag frequency' command is executed.
22:19:38 INFO  : Sourcing of 'G:/Git/fpgaLearning/YeHuo/vivado2018/emio/emio/emio.sdk/emio_design_wrapper_hw_platform_0/ps7_init.tcl' is done.
22:19:38 INFO  : Context for 'APU' is selected.
22:19:38 INFO  : Hardware design information is loaded from 'G:/Git/fpgaLearning/YeHuo/vivado2018/emio/emio/emio.sdk/emio_design_wrapper_hw_platform_0/system.hdf'.
22:19:38 INFO  : 'configparams force-mem-access 1' command is executed.
22:19:38 INFO  : Context for 'APU' is selected.
22:19:38 INFO  : 'stop' command is executed.
22:19:39 INFO  : 'ps7_init' command is executed.
22:19:39 INFO  : 'ps7_post_config' command is executed.
22:19:39 INFO  : Context for processor 'ps7_cortexa9_0' is selected.
22:19:39 INFO  : Processor reset is completed for 'ps7_cortexa9_0'.
22:19:39 INFO  : Context for processor 'ps7_cortexa9_0' is selected.
22:19:39 INFO  : The application 'G:/Git/fpgaLearning/YeHuo/vivado2018/emio/emio/emio.sdk/emioSDK/Debug/emioSDK.elf' is downloaded to processor 'ps7_cortexa9_0'.
22:19:39 INFO  : 'configparams force-mem-access 0' command is executed.
22:19:39 INFO  : ----------------XSDB Script----------------
connect -url tcp:127.0.0.1:3121
source G:/Git/fpgaLearning/YeHuo/vivado2018/emio/emio/emio.sdk/emio_design_wrapper_hw_platform_0/ps7_init.tcl
targets -set -nocase -filter {name =~"APU*" && jtag_cable_name =~ "Digilent JTAG-SMT3 210357A7D00EA"} -index 0
loadhw -hw G:/Git/fpgaLearning/YeHuo/vivado2018/emio/emio/emio.sdk/emio_design_wrapper_hw_platform_0/system.hdf -mem-ranges [list {0x40000000 0xbfffffff}]
configparams force-mem-access 1
targets -set -nocase -filter {name =~"APU*" && jtag_cable_name =~ "Digilent JTAG-SMT3 210357A7D00EA"} -index 0
stop
ps7_init
ps7_post_config
targets -set -nocase -filter {name =~ "ARM*#0" && jtag_cable_name =~ "Digilent JTAG-SMT3 210357A7D00EA"} -index 0
rst -processor
targets -set -nocase -filter {name =~ "ARM*#0" && jtag_cable_name =~ "Digilent JTAG-SMT3 210357A7D00EA"} -index 0
dow G:/Git/fpgaLearning/YeHuo/vivado2018/emio/emio/emio.sdk/emioSDK/Debug/emioSDK.elf
configparams force-mem-access 0
----------------End of Script----------------

22:19:40 INFO  : Memory regions updated for context APU
22:19:40 INFO  : Context for processor 'ps7_cortexa9_0' is selected.
22:19:40 INFO  : 'con' command is executed.
22:19:40 INFO  : ----------------XSDB Script (After Launch)----------------
targets -set -nocase -filter {name =~ "ARM*#0" && jtag_cable_name =~ "Digilent JTAG-SMT3 210357A7D00EA"} -index 0
con
----------------End of Script----------------

22:19:40 INFO  : Launch script is exported to file 'G:\Git\fpgaLearning\YeHuo\vivado2018\emio\emio\emio.sdk\.sdk\launch_scripts\xilinx_c-c++_application_(system_debugger)\system_debugger_using_debug_emiosdk.elf_on_local.tcl'
23:31:46 INFO  : Disconnected from the channel tcfchan#1.
23:31:47 INFO  : 'targets -set -filter {jtag_cable_name =~ "Digilent JTAG-SMT3 210357A7D00EA" && level==0} -index 1' command is executed.
23:31:47 INFO  : 'fpga -state' command is executed.
23:31:49 INFO  : Connected to target on host '127.0.0.1' and port '3121'.
23:31:49 INFO  : Jtag cable 'Digilent JTAG-SMT3 210357A7D00EA' is selected.
23:31:49 INFO  : 'jtag frequency' command is executed.
23:31:49 INFO  : Sourcing of 'G:/Git/fpgaLearning/YeHuo/vivado2018/emio/emio/emio.sdk/emio_design_wrapper_hw_platform_0/ps7_init.tcl' is done.
23:31:49 INFO  : Context for 'APU' is selected.
23:31:51 INFO  : Hardware design information is loaded from 'G:/Git/fpgaLearning/YeHuo/vivado2018/emio/emio/emio.sdk/emio_design_wrapper_hw_platform_0/system.hdf'.
23:31:51 INFO  : 'configparams force-mem-access 1' command is executed.
23:31:51 INFO  : Context for 'APU' is selected.
23:31:51 INFO  : 'stop' command is executed.
23:31:52 INFO  : 'ps7_init' command is executed.
23:31:52 INFO  : 'ps7_post_config' command is executed.
23:31:52 INFO  : Context for processor 'ps7_cortexa9_0' is selected.
23:31:52 INFO  : Processor reset is completed for 'ps7_cortexa9_0'.
23:31:52 INFO  : Context for processor 'ps7_cortexa9_0' is selected.
23:31:52 INFO  : The application 'G:/Git/fpgaLearning/YeHuo/vivado2018/emio/emio/emio.sdk/emioSDK/Debug/emioSDK.elf' is downloaded to processor 'ps7_cortexa9_0'.
23:31:52 INFO  : 'configparams force-mem-access 0' command is executed.
23:31:52 INFO  : ----------------XSDB Script----------------
connect -url tcp:127.0.0.1:3121
source G:/Git/fpgaLearning/YeHuo/vivado2018/emio/emio/emio.sdk/emio_design_wrapper_hw_platform_0/ps7_init.tcl
targets -set -nocase -filter {name =~"APU*" && jtag_cable_name =~ "Digilent JTAG-SMT3 210357A7D00EA"} -index 0
loadhw -hw G:/Git/fpgaLearning/YeHuo/vivado2018/emio/emio/emio.sdk/emio_design_wrapper_hw_platform_0/system.hdf -mem-ranges [list {0x40000000 0xbfffffff}]
configparams force-mem-access 1
targets -set -nocase -filter {name =~"APU*" && jtag_cable_name =~ "Digilent JTAG-SMT3 210357A7D00EA"} -index 0
stop
ps7_init
ps7_post_config
targets -set -nocase -filter {name =~ "ARM*#0" && jtag_cable_name =~ "Digilent JTAG-SMT3 210357A7D00EA"} -index 0
rst -processor
targets -set -nocase -filter {name =~ "ARM*#0" && jtag_cable_name =~ "Digilent JTAG-SMT3 210357A7D00EA"} -index 0
dow G:/Git/fpgaLearning/YeHuo/vivado2018/emio/emio/emio.sdk/emioSDK/Debug/emioSDK.elf
configparams force-mem-access 0
----------------End of Script----------------

23:31:52 INFO  : Memory regions updated for context APU
23:31:52 INFO  : Context for processor 'ps7_cortexa9_0' is selected.
23:31:52 INFO  : 'con' command is executed.
23:31:52 INFO  : ----------------XSDB Script (After Launch)----------------
targets -set -nocase -filter {name =~ "ARM*#0" && jtag_cable_name =~ "Digilent JTAG-SMT3 210357A7D00EA"} -index 0
con
----------------End of Script----------------

23:31:52 INFO  : Launch script is exported to file 'G:\Git\fpgaLearning\YeHuo\vivado2018\emio\emio\emio.sdk\.sdk\launch_scripts\xilinx_c-c++_application_(system_debugger)\system_debugger_using_debug_emiosdk.elf_on_local.tcl'
23:34:10 INFO  : Disconnected from the channel tcfchan#2.
23:34:11 INFO  : 'targets -set -filter {jtag_cable_name =~ "Digilent JTAG-SMT3 210357A7D00EA" && level==0} -index 1' command is executed.
23:34:11 INFO  : 'fpga -state' command is executed.
23:34:13 INFO  : Connected to target on host '127.0.0.1' and port '3121'.
23:34:13 INFO  : Jtag cable 'Digilent JTAG-SMT3 210357A7D00EA' is selected.
23:34:13 INFO  : 'jtag frequency' command is executed.
23:34:13 INFO  : Sourcing of 'G:/Git/fpgaLearning/YeHuo/vivado2018/emio/emio/emio.sdk/emio_design_wrapper_hw_platform_0/ps7_init.tcl' is done.
23:34:13 INFO  : Context for 'APU' is selected.
23:34:14 INFO  : Hardware design information is loaded from 'G:/Git/fpgaLearning/YeHuo/vivado2018/emio/emio/emio.sdk/emio_design_wrapper_hw_platform_0/system.hdf'.
23:34:14 INFO  : 'configparams force-mem-access 1' command is executed.
23:34:14 INFO  : Context for 'APU' is selected.
23:34:14 INFO  : 'stop' command is executed.
23:34:15 INFO  : 'ps7_init' command is executed.
23:34:15 INFO  : 'ps7_post_config' command is executed.
23:34:15 INFO  : Context for processor 'ps7_cortexa9_0' is selected.
23:34:15 INFO  : Processor reset is completed for 'ps7_cortexa9_0'.
23:34:15 INFO  : Context for processor 'ps7_cortexa9_0' is selected.
23:34:15 INFO  : The application 'G:/Git/fpgaLearning/YeHuo/vivado2018/emio/emio/emio.sdk/emioSDK/Debug/emioSDK.elf' is downloaded to processor 'ps7_cortexa9_0'.
23:34:15 INFO  : 'configparams force-mem-access 0' command is executed.
23:34:15 INFO  : ----------------XSDB Script----------------
connect -url tcp:127.0.0.1:3121
source G:/Git/fpgaLearning/YeHuo/vivado2018/emio/emio/emio.sdk/emio_design_wrapper_hw_platform_0/ps7_init.tcl
targets -set -nocase -filter {name =~"APU*" && jtag_cable_name =~ "Digilent JTAG-SMT3 210357A7D00EA"} -index 0
loadhw -hw G:/Git/fpgaLearning/YeHuo/vivado2018/emio/emio/emio.sdk/emio_design_wrapper_hw_platform_0/system.hdf -mem-ranges [list {0x40000000 0xbfffffff}]
configparams force-mem-access 1
targets -set -nocase -filter {name =~"APU*" && jtag_cable_name =~ "Digilent JTAG-SMT3 210357A7D00EA"} -index 0
stop
ps7_init
ps7_post_config
targets -set -nocase -filter {name =~ "ARM*#0" && jtag_cable_name =~ "Digilent JTAG-SMT3 210357A7D00EA"} -index 0
rst -processor
targets -set -nocase -filter {name =~ "ARM*#0" && jtag_cable_name =~ "Digilent JTAG-SMT3 210357A7D00EA"} -index 0
dow G:/Git/fpgaLearning/YeHuo/vivado2018/emio/emio/emio.sdk/emioSDK/Debug/emioSDK.elf
configparams force-mem-access 0
----------------End of Script----------------

23:34:15 INFO  : Memory regions updated for context APU
23:34:15 INFO  : Context for processor 'ps7_cortexa9_0' is selected.
23:34:15 INFO  : 'con' command is executed.
23:34:15 INFO  : ----------------XSDB Script (After Launch)----------------
targets -set -nocase -filter {name =~ "ARM*#0" && jtag_cable_name =~ "Digilent JTAG-SMT3 210357A7D00EA"} -index 0
con
----------------End of Script----------------

23:34:15 INFO  : Launch script is exported to file 'G:\Git\fpgaLearning\YeHuo\vivado2018\emio\emio\emio.sdk\.sdk\launch_scripts\xilinx_c-c++_application_(system_debugger)\system_debugger_using_debug_emiosdk.elf_on_local.tcl'
23:38:47 INFO  : Disconnected from the channel tcfchan#3.
23:38:48 INFO  : Connected to target on host '127.0.0.1' and port '3121'.
23:38:49 INFO  : Jtag cable 'Digilent JTAG-SMT3 210357A7D00EA' is selected.
23:38:49 INFO  : 'jtag frequency' command is executed.
23:38:49 INFO  : Sourcing of 'G:/Git/fpgaLearning/YeHuo/vivado2018/emio/emio/emio.sdk/emio_design_wrapper_hw_platform_0/ps7_init.tcl' is done.
23:38:49 INFO  : Context for 'APU' is selected.
23:38:49 INFO  : System reset is completed.
23:38:52 INFO  : 'after 3000' command is executed.
23:38:52 INFO  : 'targets -set -filter {jtag_cable_name =~ "Digilent JTAG-SMT3 210357A7D00EA" && level==0} -index 1' command is executed.
23:38:53 INFO  : FPGA configured successfully with bitstream "G:/Git/fpgaLearning/YeHuo/vivado2018/emio/emio/emio.sdk/emio_design_wrapper_hw_platform_0/emio_design_wrapper.bit"
23:38:53 INFO  : Context for 'APU' is selected.
23:38:55 INFO  : Hardware design information is loaded from 'G:/Git/fpgaLearning/YeHuo/vivado2018/emio/emio/emio.sdk/emio_design_wrapper_hw_platform_0/system.hdf'.
23:38:55 INFO  : 'configparams force-mem-access 1' command is executed.
23:38:55 INFO  : Context for 'APU' is selected.
23:38:55 INFO  : 'ps7_init' command is executed.
23:38:55 INFO  : 'ps7_post_config' command is executed.
23:38:55 INFO  : Context for processor 'ps7_cortexa9_0' is selected.
23:38:56 INFO  : The application 'G:/Git/fpgaLearning/YeHuo/vivado2018/emio/emio/emio.sdk/emioSDK/Debug/emioSDK.elf' is downloaded to processor 'ps7_cortexa9_0'.
23:38:56 INFO  : 'configparams force-mem-access 0' command is executed.
23:38:56 INFO  : ----------------XSDB Script----------------
connect -url tcp:127.0.0.1:3121
source G:/Git/fpgaLearning/YeHuo/vivado2018/emio/emio/emio.sdk/emio_design_wrapper_hw_platform_0/ps7_init.tcl
targets -set -nocase -filter {name =~"APU*" && jtag_cable_name =~ "Digilent JTAG-SMT3 210357A7D00EA"} -index 0
rst -system
after 3000
targets -set -filter {jtag_cable_name =~ "Digilent JTAG-SMT3 210357A7D00EA" && level==0} -index 1
fpga -file G:/Git/fpgaLearning/YeHuo/vivado2018/emio/emio/emio.sdk/emio_design_wrapper_hw_platform_0/emio_design_wrapper.bit
targets -set -nocase -filter {name =~"APU*" && jtag_cable_name =~ "Digilent JTAG-SMT3 210357A7D00EA"} -index 0
loadhw -hw G:/Git/fpgaLearning/YeHuo/vivado2018/emio/emio/emio.sdk/emio_design_wrapper_hw_platform_0/system.hdf -mem-ranges [list {0x40000000 0xbfffffff}]
configparams force-mem-access 1
targets -set -nocase -filter {name =~"APU*" && jtag_cable_name =~ "Digilent JTAG-SMT3 210357A7D00EA"} -index 0
ps7_init
ps7_post_config
targets -set -nocase -filter {name =~ "ARM*#0" && jtag_cable_name =~ "Digilent JTAG-SMT3 210357A7D00EA"} -index 0
dow G:/Git/fpgaLearning/YeHuo/vivado2018/emio/emio/emio.sdk/emioSDK/Debug/emioSDK.elf
configparams force-mem-access 0
----------------End of Script----------------

23:38:56 INFO  : Memory regions updated for context APU
23:38:56 INFO  : Context for processor 'ps7_cortexa9_0' is selected.
23:38:56 INFO  : 'con' command is executed.
23:38:56 INFO  : ----------------XSDB Script (After Launch)----------------
targets -set -nocase -filter {name =~ "ARM*#0" && jtag_cable_name =~ "Digilent JTAG-SMT3 210357A7D00EA"} -index 0
con
----------------End of Script----------------

23:38:56 INFO  : Launch script is exported to file 'G:\Git\fpgaLearning\YeHuo\vivado2018\emio\emio\emio.sdk\.sdk\launch_scripts\xilinx_c-c++_application_(system_debugger)\system_debugger_using_debug_emiosdk.elf_on_local.tcl'
23:40:28 INFO  : Disconnected from the channel tcfchan#4.
