Copyright 1986-2018 Xilinx, Inc. All Rights Reserved.
---------------------------------------------------------------------------------------------------------------------------------------------------------------
| Tool Version : Vivado v.2018.3 (win64) Build 2405991 Thu Dec  6 23:38:27 MST 2018
| Date         : Thu Sep 19 23:07:12 2024
| Host         : DESKTOP-3OUI0IU running 64-bit major release  (build 9200)
| Command      : report_drc -file mio_psled_design_wrapper_drc_opted.rpt -pb mio_psled_design_wrapper_drc_opted.pb -rpx mio_psled_design_wrapper_drc_opted.rpx
| Design       : mio_psled_design_wrapper
| Device       : xc7z020clg400-1
| Speed File   : -1
| Design State : Fully Placed
---------------------------------------------------------------------------------------------------------------------------------------------------------------

Report DRC

Table of Contents
-----------------
1. REPORT SUMMARY
2. REPORT DETAILS

1. REPORT SUMMARY
-----------------
            Netlist: netlist
          Floorplan: checkpoint_mio_psled_design_wrapper
      Design limits: <entire design considered>
           Ruledeck: default
             Max violations: <unlimited>
             Violations found: 0
+------+----------+-------------+------------+
| Rule | Severity | Description | Violations |
+------+----------+-------------+------------+
+------+----------+-------------+------------+

2. REPORT DETAILS
-----------------

