22:54:21 INFO  : Registering command handlers for SDK TCF services
22:54:22 INFO  : Launching XSCT server: xsct.bat -interactive G:\Git\fpgaLearning\YeHuo\vivado2018\intr\intr\intr.sdk\temp_xsdb_launch_script.tcl
22:54:26 INFO  : XSCT server has started successfully.
22:54:27 INFO  : Successfully done setting XSCT server connection channel  
22:54:27 INFO  : Successfully done setting SDK workspace  
22:54:27 INFO  : Processing command line option -hwspec G:/Git/fpgaLearning/YeHuo/vivado2018/intr/intr/intr.sdk/mio_intr_wrapper.hdf.
23:30:24 INFO  : Example project mio_intr_bsp_xgpiops_intr_example_1 has been created successfully.
00:01:56 INFO  : Connected to target on host '127.0.0.1' and port '3121'.
00:01:57 INFO  : Jtag cable 'Digilent JTAG-SMT3 210357A7D00EA' is selected.
00:01:57 INFO  : 'jtag frequency' command is executed.
00:01:57 INFO  : Sourcing of 'G:/Git/fpgaLearning/YeHuo/vivado2018/intr/intr/intr.sdk/mio_intr_wrapper_hw_platform_0/ps7_init.tcl' is done.
00:01:58 INFO  : Context for 'APU' is selected.
00:01:58 INFO  : Hardware design information is loaded from 'G:/Git/fpgaLearning/YeHuo/vivado2018/intr/intr/intr.sdk/mio_intr_wrapper_hw_platform_0/system.hdf'.
00:01:58 INFO  : 'configparams force-mem-access 1' command is executed.
00:01:59 INFO  : Context for 'APU' is selected.
00:01:59 INFO  : 'stop' command is executed.
00:02:00 INFO  : 'ps7_init' command is executed.
00:02:00 INFO  : 'ps7_post_config' command is executed.
00:02:01 INFO  : Context for processor 'ps7_cortexa9_0' is selected.
00:02:01 INFO  : Processor reset is completed for 'ps7_cortexa9_0'.
00:02:02 INFO  : Context for processor 'ps7_cortexa9_0' is selected.
00:02:02 INFO  : The application 'G:/Git/fpgaLearning/YeHuo/vivado2018/intr/intr/intr.sdk/mio_intr/Debug/mio_intr.elf' is downloaded to processor 'ps7_cortexa9_0'.
00:02:02 INFO  : 'configparams force-mem-access 0' command is executed.
00:02:02 INFO  : ----------------XSDB Script----------------
connect -url tcp:127.0.0.1:3121
source G:/Git/fpgaLearning/YeHuo/vivado2018/intr/intr/intr.sdk/mio_intr_wrapper_hw_platform_0/ps7_init.tcl
targets -set -nocase -filter {name =~"APU*" && jtag_cable_name =~ "Digilent JTAG-SMT3 210357A7D00EA"} -index 0
loadhw -hw G:/Git/fpgaLearning/YeHuo/vivado2018/intr/intr/intr.sdk/mio_intr_wrapper_hw_platform_0/system.hdf -mem-ranges [list {0x40000000 0xbfffffff}]
configparams force-mem-access 1
targets -set -nocase -filter {name =~"APU*" && jtag_cable_name =~ "Digilent JTAG-SMT3 210357A7D00EA"} -index 0
stop
ps7_init
ps7_post_config
targets -set -nocase -filter {name =~ "ARM*#0" && jtag_cable_name =~ "Digilent JTAG-SMT3 210357A7D00EA"} -index 0
rst -processor
targets -set -nocase -filter {name =~ "ARM*#0" && jtag_cable_name =~ "Digilent JTAG-SMT3 210357A7D00EA"} -index 0
dow G:/Git/fpgaLearning/YeHuo/vivado2018/intr/intr/intr.sdk/mio_intr/Debug/mio_intr.elf
configparams force-mem-access 0
----------------End of Script----------------

00:02:03 INFO  : Context for processor 'ps7_cortexa9_0' is selected.
00:02:03 INFO  : 'con' command is executed.
00:02:03 INFO  : ----------------XSDB Script (After Launch)----------------
targets -set -nocase -filter {name =~ "ARM*#0" && jtag_cable_name =~ "Digilent JTAG-SMT3 210357A7D00EA"} -index 0
con
----------------End of Script----------------

00:02:03 INFO  : Launch script is exported to file 'G:\Git\fpgaLearning\YeHuo\vivado2018\intr\intr\intr.sdk\.sdk\launch_scripts\xilinx_c-c++_application_(system_debugger)\system_debugger_using_debug_mio_intr.elf_on_local.tcl'
00:04:25 INFO  : Disconnected from the channel tcfchan#1.
00:04:26 INFO  : Connected to target on host '127.0.0.1' and port '3121'.
00:04:27 INFO  : Jtag cable 'Digilent JTAG-SMT3 210357A7D00EA' is selected.
00:04:27 INFO  : 'jtag frequency' command is executed.
00:04:27 INFO  : Sourcing of 'G:/Git/fpgaLearning/YeHuo/vivado2018/intr/intr/intr.sdk/mio_intr_wrapper_hw_platform_0/ps7_init.tcl' is done.
00:04:27 INFO  : Context for 'APU' is selected.
00:04:28 INFO  : Hardware design information is loaded from 'G:/Git/fpgaLearning/YeHuo/vivado2018/intr/intr/intr.sdk/mio_intr_wrapper_hw_platform_0/system.hdf'.
00:04:28 INFO  : 'configparams force-mem-access 1' command is executed.
00:04:28 INFO  : Context for 'APU' is selected.
00:04:28 INFO  : 'stop' command is executed.
00:04:29 INFO  : 'ps7_init' command is executed.
00:04:29 INFO  : 'ps7_post_config' command is executed.
00:04:29 INFO  : Context for processor 'ps7_cortexa9_0' is selected.
00:04:29 INFO  : Processor reset is completed for 'ps7_cortexa9_0'.
00:04:29 INFO  : Context for processor 'ps7_cortexa9_0' is selected.
00:04:29 INFO  : The application 'G:/Git/fpgaLearning/YeHuo/vivado2018/intr/intr/intr.sdk/mio_intr/Debug/mio_intr.elf' is downloaded to processor 'ps7_cortexa9_0'.
00:04:29 INFO  : 'configparams force-mem-access 0' command is executed.
00:04:29 INFO  : ----------------XSDB Script----------------
connect -url tcp:127.0.0.1:3121
source G:/Git/fpgaLearning/YeHuo/vivado2018/intr/intr/intr.sdk/mio_intr_wrapper_hw_platform_0/ps7_init.tcl
targets -set -nocase -filter {name =~"APU*" && jtag_cable_name =~ "Digilent JTAG-SMT3 210357A7D00EA"} -index 0
loadhw -hw G:/Git/fpgaLearning/YeHuo/vivado2018/intr/intr/intr.sdk/mio_intr_wrapper_hw_platform_0/system.hdf -mem-ranges [list {0x40000000 0xbfffffff}]
configparams force-mem-access 1
targets -set -nocase -filter {name =~"APU*" && jtag_cable_name =~ "Digilent JTAG-SMT3 210357A7D00EA"} -index 0
stop
ps7_init
ps7_post_config
targets -set -nocase -filter {name =~ "ARM*#0" && jtag_cable_name =~ "Digilent JTAG-SMT3 210357A7D00EA"} -index 0
rst -processor
targets -set -nocase -filter {name =~ "ARM*#0" && jtag_cable_name =~ "Digilent JTAG-SMT3 210357A7D00EA"} -index 0
dow G:/Git/fpgaLearning/YeHuo/vivado2018/intr/intr/intr.sdk/mio_intr/Debug/mio_intr.elf
configparams force-mem-access 0
----------------End of Script----------------

00:04:29 INFO  : Context for processor 'ps7_cortexa9_0' is selected.
00:04:29 INFO  : 'con' command is executed.
00:04:29 INFO  : ----------------XSDB Script (After Launch)----------------
targets -set -nocase -filter {name =~ "ARM*#0" && jtag_cable_name =~ "Digilent JTAG-SMT3 210357A7D00EA"} -index 0
con
----------------End of Script----------------

00:04:29 INFO  : Launch script is exported to file 'G:\Git\fpgaLearning\YeHuo\vivado2018\intr\intr\intr.sdk\.sdk\launch_scripts\xilinx_c-c++_application_(system_debugger)\system_debugger_using_debug_mio_intr.elf_on_local.tcl'
00:08:24 INFO  : Disconnected from the channel tcfchan#2.
