23:25:40 INFO  : Registering command handlers for SDK TCF services
23:25:41 INFO  : Launching XSCT server: xsct.bat -interactive G:\Git\fpgaLearning\YeHuo\vivado2018\multi_GPIO\multi_GPIO\multi_GPIO.sdk\temp_xsdb_launch_script.tcl
23:25:44 INFO  : XSCT server has started successfully.
23:25:45 INFO  : Successfully done setting XSCT server connection channel  
23:25:45 INFO  : Successfully done setting SDK workspace  
23:25:45 INFO  : Processing command line option -hwspec G:/Git/fpgaLearning/YeHuo/vivado2018/multi_GPIO/multi_GPIO/multi_GPIO.sdk/axi_gpio_wrapper.hdf.
23:30:45 INFO  : Registering command handlers for SDK TCF services
23:30:46 INFO  : Launching XSCT server: xsct.bat -interactive G:\Git\fpgaLearning\YeHuo\vivado2018\multi_GPIO\multi_GPIO\multi_GPIO.sdk\temp_xsdb_launch_script.tcl
23:30:49 INFO  : XSCT server has started successfully.
23:30:50 INFO  : Successfully done setting XSCT server connection channel  
23:30:50 INFO  : Processing command line option -hwspec G:/Git/fpgaLearning/YeHuo/vivado2018/multi_GPIO/multi_GPIO/multi_GPIO.sdk/axi_gpio_wrapper.hdf.
23:30:50 INFO  : Successfully done setting SDK workspace  
23:30:50 INFO  : Checking for hwspec changes in the project axi_gpio_wrapper_hw_platform_0.
23:31:10 INFO  : 'targets -set -filter {jtag_cable_name =~ "Digilent JTAG-SMT3 210357A7D00EA" && level==0} -index 1' command is executed.
23:31:10 INFO  : 'fpga -state' command is executed.
23:31:17 INFO  : Memory regions updated for context APU
23:31:33 INFO  : Connected to target on host '127.0.0.1' and port '3121'.
23:31:33 INFO  : Jtag cable 'Digilent JTAG-SMT3 210357A7D00EA' is selected.
23:31:33 INFO  : 'jtag frequency' command is executed.
23:31:33 INFO  : Sourcing of 'G:/Git/fpgaLearning/YeHuo/vivado2018/multi_GPIO/multi_GPIO/multi_GPIO.sdk/axi_gpio_wrapper_hw_platform_0/ps7_init.tcl' is done.
23:31:33 INFO  : Context for 'APU' is selected.
23:31:33 INFO  : System reset is completed.
23:31:36 INFO  : 'after 3000' command is executed.
23:31:36 INFO  : 'targets -set -filter {jtag_cable_name =~ "Digilent JTAG-SMT3 210357A7D00EA" && level==0} -index 1' command is executed.
23:31:38 INFO  : FPGA configured successfully with bitstream "G:/Git/fpgaLearning/YeHuo/vivado2018/multi_GPIO/multi_GPIO/multi_GPIO.sdk/axi_gpio_wrapper_hw_platform_0/axi_gpio_wrapper.bit"
23:31:38 INFO  : Context for 'APU' is selected.
23:31:38 INFO  : Hardware design information is loaded from 'G:/Git/fpgaLearning/YeHuo/vivado2018/multi_GPIO/multi_GPIO/multi_GPIO.sdk/axi_gpio_wrapper_hw_platform_0/system.hdf'.
23:31:38 INFO  : 'configparams force-mem-access 1' command is executed.
23:31:38 INFO  : Context for 'APU' is selected.
23:31:39 INFO  : 'ps7_init' command is executed.
23:31:39 INFO  : 'ps7_post_config' command is executed.
23:31:39 INFO  : Context for processor 'ps7_cortexa9_0' is selected.
23:31:39 INFO  : The application 'G:/Git/fpgaLearning/YeHuo/vivado2018/multi_GPIO/multi_GPIO/multi_GPIO.sdk/multi_gpio/Debug/multi_gpio.elf' is downloaded to processor 'ps7_cortexa9_0'.
23:31:39 INFO  : 'configparams force-mem-access 0' command is executed.
23:31:39 INFO  : ----------------XSDB Script----------------
connect -url tcp:127.0.0.1:3121
source G:/Git/fpgaLearning/YeHuo/vivado2018/multi_GPIO/multi_GPIO/multi_GPIO.sdk/axi_gpio_wrapper_hw_platform_0/ps7_init.tcl
targets -set -nocase -filter {name =~"APU*" && jtag_cable_name =~ "Digilent JTAG-SMT3 210357A7D00EA"} -index 0
rst -system
after 3000
targets -set -filter {jtag_cable_name =~ "Digilent JTAG-SMT3 210357A7D00EA" && level==0} -index 1
fpga -file G:/Git/fpgaLearning/YeHuo/vivado2018/multi_GPIO/multi_GPIO/multi_GPIO.sdk/axi_gpio_wrapper_hw_platform_0/axi_gpio_wrapper.bit
targets -set -nocase -filter {name =~"APU*" && jtag_cable_name =~ "Digilent JTAG-SMT3 210357A7D00EA"} -index 0
loadhw -hw G:/Git/fpgaLearning/YeHuo/vivado2018/multi_GPIO/multi_GPIO/multi_GPIO.sdk/axi_gpio_wrapper_hw_platform_0/system.hdf -mem-ranges [list {0x40000000 0xbfffffff}]
configparams force-mem-access 1
targets -set -nocase -filter {name =~"APU*" && jtag_cable_name =~ "Digilent JTAG-SMT3 210357A7D00EA"} -index 0
ps7_init
ps7_post_config
targets -set -nocase -filter {name =~ "ARM*#0" && jtag_cable_name =~ "Digilent JTAG-SMT3 210357A7D00EA"} -index 0
dow G:/Git/fpgaLearning/YeHuo/vivado2018/multi_GPIO/multi_GPIO/multi_GPIO.sdk/multi_gpio/Debug/multi_gpio.elf
configparams force-mem-access 0
----------------End of Script----------------

23:31:39 INFO  : Memory regions updated for context APU
23:31:39 INFO  : Context for processor 'ps7_cortexa9_0' is selected.
23:31:39 INFO  : 'con' command is executed.
23:31:39 INFO  : ----------------XSDB Script (After Launch)----------------
targets -set -nocase -filter {name =~ "ARM*#0" && jtag_cable_name =~ "Digilent JTAG-SMT3 210357A7D00EA"} -index 0
con
----------------End of Script----------------

23:31:39 INFO  : Launch script is exported to file 'G:\Git\fpgaLearning\YeHuo\vivado2018\multi_GPIO\multi_GPIO\multi_GPIO.sdk\.sdk\launch_scripts\xilinx_c-c++_application_(system_debugger)\system_debugger_using_debug_multi_gpio.elf_on_local.tcl'
23:32:02 INFO  : Disconnected from the channel tcfchan#1.
20:28:13 INFO  : Registering command handlers for SDK TCF services
20:28:14 INFO  : Launching XSCT server: xsct.bat -interactive G:\Git\fpgaLearning\YeHuo\vivado2018\multi_GPIO\multi_GPIO\multi_GPIO.sdk\temp_xsdb_launch_script.tcl
20:28:18 INFO  : XSCT server has started successfully.
20:28:19 INFO  : Successfully done setting XSCT server connection channel  
20:28:19 INFO  : Successfully done setting SDK workspace  
20:28:19 INFO  : Processing command line option -hwspec G:/Git/fpgaLearning/YeHuo/vivado2018/multi_GPIO/multi_GPIO/multi_GPIO.sdk/axi_gpio_wrapper.hdf.
20:28:19 INFO  : Checking for hwspec changes in the project axi_gpio_wrapper_hw_platform_0.
20:38:51 INFO  : Connected to target on host '127.0.0.1' and port '3121'.
20:38:53 INFO  : Jtag cable 'Digilent JTAG-SMT3 210357A7D00EA' is selected.
20:38:53 INFO  : 'jtag frequency' command is executed.
20:38:53 INFO  : Sourcing of 'G:/Git/fpgaLearning/YeHuo/vivado2018/multi_GPIO/multi_GPIO/multi_GPIO.sdk/axi_gpio_wrapper_hw_platform_0/ps7_init.tcl' is done.
20:38:54 INFO  : Context for 'APU' is selected.
20:38:54 INFO  : System reset is completed.
20:38:57 INFO  : 'after 3000' command is executed.
20:38:58 INFO  : 'targets -set -filter {jtag_cable_name =~ "Digilent JTAG-SMT3 210357A7D00EA" && level==0} -index 1' command is executed.
20:38:59 INFO  : FPGA configured successfully with bitstream "G:/Git/fpgaLearning/YeHuo/vivado2018/multi_GPIO/multi_GPIO/multi_GPIO.sdk/axi_gpio_wrapper_hw_platform_0/axi_gpio_wrapper.bit"
20:39:00 INFO  : Context for 'APU' is selected.
20:39:00 INFO  : Hardware design information is loaded from 'G:/Git/fpgaLearning/YeHuo/vivado2018/multi_GPIO/multi_GPIO/multi_GPIO.sdk/axi_gpio_wrapper_hw_platform_0/system.hdf'.
20:39:00 INFO  : 'configparams force-mem-access 1' command is executed.
20:39:00 INFO  : Context for 'APU' is selected.
20:39:02 INFO  : 'ps7_init' command is executed.
20:39:02 INFO  : 'ps7_post_config' command is executed.
20:39:02 INFO  : Context for processor 'ps7_cortexa9_0' is selected.
20:39:02 INFO  : The application 'G:/Git/fpgaLearning/YeHuo/vivado2018/multi_GPIO/multi_GPIO/multi_GPIO.sdk/multi_gpio/Debug/multi_gpio.elf' is downloaded to processor 'ps7_cortexa9_0'.
20:39:02 INFO  : 'configparams force-mem-access 0' command is executed.
20:39:02 INFO  : ----------------XSDB Script----------------
connect -url tcp:127.0.0.1:3121
source G:/Git/fpgaLearning/YeHuo/vivado2018/multi_GPIO/multi_GPIO/multi_GPIO.sdk/axi_gpio_wrapper_hw_platform_0/ps7_init.tcl
targets -set -nocase -filter {name =~"APU*" && jtag_cable_name =~ "Digilent JTAG-SMT3 210357A7D00EA"} -index 0
rst -system
after 3000
targets -set -filter {jtag_cable_name =~ "Digilent JTAG-SMT3 210357A7D00EA" && level==0} -index 1
fpga -file G:/Git/fpgaLearning/YeHuo/vivado2018/multi_GPIO/multi_GPIO/multi_GPIO.sdk/axi_gpio_wrapper_hw_platform_0/axi_gpio_wrapper.bit
targets -set -nocase -filter {name =~"APU*" && jtag_cable_name =~ "Digilent JTAG-SMT3 210357A7D00EA"} -index 0
loadhw -hw G:/Git/fpgaLearning/YeHuo/vivado2018/multi_GPIO/multi_GPIO/multi_GPIO.sdk/axi_gpio_wrapper_hw_platform_0/system.hdf -mem-ranges [list {0x40000000 0xbfffffff}]
configparams force-mem-access 1
targets -set -nocase -filter {name =~"APU*" && jtag_cable_name =~ "Digilent JTAG-SMT3 210357A7D00EA"} -index 0
ps7_init
ps7_post_config
targets -set -nocase -filter {name =~ "ARM*#0" && jtag_cable_name =~ "Digilent JTAG-SMT3 210357A7D00EA"} -index 0
dow G:/Git/fpgaLearning/YeHuo/vivado2018/multi_GPIO/multi_GPIO/multi_GPIO.sdk/multi_gpio/Debug/multi_gpio.elf
configparams force-mem-access 0
----------------End of Script----------------

20:39:02 INFO  : Memory regions updated for context APU
20:39:02 INFO  : Context for processor 'ps7_cortexa9_0' is selected.
20:39:02 INFO  : 'con' command is executed.
20:39:02 INFO  : ----------------XSDB Script (After Launch)----------------
targets -set -nocase -filter {name =~ "ARM*#0" && jtag_cable_name =~ "Digilent JTAG-SMT3 210357A7D00EA"} -index 0
con
----------------End of Script----------------

20:39:02 INFO  : Launch script is exported to file 'G:\Git\fpgaLearning\YeHuo\vivado2018\multi_GPIO\multi_GPIO\multi_GPIO.sdk\.sdk\launch_scripts\xilinx_c-c++_application_(system_debugger)\system_debugger_using_debug_multi_gpio.elf_on_local.tcl'
20:49:58 INFO  : Example project multi_gpio_bsp_xgpio_intr_tapp_example_1 has been created successfully.
23:09:07 INFO  : Disconnected from the channel tcfchan#1.
23:09:08 INFO  : Connected to target on host '127.0.0.1' and port '3121'.
23:09:09 INFO  : Jtag cable 'Digilent JTAG-SMT3 210357A7D00EA' is selected.
23:09:09 INFO  : 'jtag frequency' command is executed.
23:09:09 INFO  : Sourcing of 'G:/Git/fpgaLearning/YeHuo/vivado2018/multi_GPIO/multi_GPIO/multi_GPIO.sdk/axi_gpio_wrapper_hw_platform_0/ps7_init.tcl' is done.
23:09:09 INFO  : Context for 'APU' is selected.
23:09:09 INFO  : System reset is completed.
23:09:12 INFO  : 'after 3000' command is executed.
23:09:12 INFO  : 'targets -set -filter {jtag_cable_name =~ "Digilent JTAG-SMT3 210357A7D00EA" && level==0} -index 1' command is executed.
23:09:13 INFO  : FPGA configured successfully with bitstream "G:/Git/fpgaLearning/YeHuo/vivado2018/multi_GPIO/multi_GPIO/multi_GPIO.sdk/axi_gpio_wrapper_hw_platform_0/axi_gpio_wrapper.bit"
23:09:13 INFO  : Context for 'APU' is selected.
23:09:15 INFO  : Hardware design information is loaded from 'G:/Git/fpgaLearning/YeHuo/vivado2018/multi_GPIO/multi_GPIO/multi_GPIO.sdk/axi_gpio_wrapper_hw_platform_0/system.hdf'.
23:09:15 INFO  : 'configparams force-mem-access 1' command is executed.
23:09:15 INFO  : Context for 'APU' is selected.
23:09:16 INFO  : 'ps7_init' command is executed.
23:09:16 INFO  : 'ps7_post_config' command is executed.
23:09:16 INFO  : Context for processor 'ps7_cortexa9_0' is selected.
23:09:16 INFO  : The application 'G:/Git/fpgaLearning/YeHuo/vivado2018/multi_GPIO/multi_GPIO/multi_GPIO.sdk/multi_gpio/Debug/multi_gpio.elf' is downloaded to processor 'ps7_cortexa9_0'.
23:09:16 INFO  : 'configparams force-mem-access 0' command is executed.
23:09:16 INFO  : ----------------XSDB Script----------------
connect -url tcp:127.0.0.1:3121
source G:/Git/fpgaLearning/YeHuo/vivado2018/multi_GPIO/multi_GPIO/multi_GPIO.sdk/axi_gpio_wrapper_hw_platform_0/ps7_init.tcl
targets -set -nocase -filter {name =~"APU*" && jtag_cable_name =~ "Digilent JTAG-SMT3 210357A7D00EA"} -index 0
rst -system
after 3000
targets -set -filter {jtag_cable_name =~ "Digilent JTAG-SMT3 210357A7D00EA" && level==0} -index 1
fpga -file G:/Git/fpgaLearning/YeHuo/vivado2018/multi_GPIO/multi_GPIO/multi_GPIO.sdk/axi_gpio_wrapper_hw_platform_0/axi_gpio_wrapper.bit
targets -set -nocase -filter {name =~"APU*" && jtag_cable_name =~ "Digilent JTAG-SMT3 210357A7D00EA"} -index 0
loadhw -hw G:/Git/fpgaLearning/YeHuo/vivado2018/multi_GPIO/multi_GPIO/multi_GPIO.sdk/axi_gpio_wrapper_hw_platform_0/system.hdf -mem-ranges [list {0x40000000 0xbfffffff}]
configparams force-mem-access 1
targets -set -nocase -filter {name =~"APU*" && jtag_cable_name =~ "Digilent JTAG-SMT3 210357A7D00EA"} -index 0
ps7_init
ps7_post_config
targets -set -nocase -filter {name =~ "ARM*#0" && jtag_cable_name =~ "Digilent JTAG-SMT3 210357A7D00EA"} -index 0
dow G:/Git/fpgaLearning/YeHuo/vivado2018/multi_GPIO/multi_GPIO/multi_GPIO.sdk/multi_gpio/Debug/multi_gpio.elf
configparams force-mem-access 0
----------------End of Script----------------

23:09:16 INFO  : Memory regions updated for context APU
23:09:16 INFO  : Context for processor 'ps7_cortexa9_0' is selected.
23:09:16 INFO  : 'con' command is executed.
23:09:16 INFO  : ----------------XSDB Script (After Launch)----------------
targets -set -nocase -filter {name =~ "ARM*#0" && jtag_cable_name =~ "Digilent JTAG-SMT3 210357A7D00EA"} -index 0
con
----------------End of Script----------------

23:09:16 INFO  : Launch script is exported to file 'G:\Git\fpgaLearning\YeHuo\vivado2018\multi_GPIO\multi_GPIO\multi_GPIO.sdk\.sdk\launch_scripts\xilinx_c-c++_application_(system_debugger)\system_debugger_using_debug_multi_gpio.elf_on_local.tcl'
23:13:35 INFO  : Disconnected from the channel tcfchan#2.
