21:50:02 INFO  : Registering command handlers for SDK TCF services
21:50:03 INFO  : Launching XSCT server: xsct.bat -interactive G:\Git\fpgaLearning\YeHuo\vivado2018\mio\mio\mio.sdk\temp_xsdb_launch_script.tcl
21:50:06 INFO  : XSCT server has started successfully.
21:50:06 INFO  : Successfully done setting XSCT server connection channel  
21:50:06 INFO  : Successfully done setting SDK workspace  
21:50:06 INFO  : Processing command line option -hwspec G:/Git/fpgaLearning/YeHuo/vivado2018/mio/mio/mio.sdk/mio_design_wrapper.hdf.
21:52:08 INFO  : Connected to target on host '127.0.0.1' and port '3121'.
21:52:09 INFO  : Jtag cable 'Digilent JTAG-SMT3 210357A7D00EA' is selected.
21:52:09 INFO  : 'jtag frequency' command is executed.
21:52:09 INFO  : Sourcing of 'G:/Git/fpgaLearning/YeHuo/vivado2018/mio/mio/mio.sdk/mio_design_wrapper_hw_platform_0/ps7_init.tcl' is done.
21:52:10 INFO  : Context for 'APU' is selected.
21:52:10 INFO  : Hardware design information is loaded from 'G:/Git/fpgaLearning/YeHuo/vivado2018/mio/mio/mio.sdk/mio_design_wrapper_hw_platform_0/system.hdf'.
21:52:10 INFO  : 'configparams force-mem-access 1' command is executed.
21:52:11 INFO  : Context for 'APU' is selected.
21:52:11 INFO  : 'stop' command is executed.
21:52:11 INFO  : 'ps7_init' command is executed.
21:52:11 INFO  : 'ps7_post_config' command is executed.
21:52:12 INFO  : Context for processor 'ps7_cortexa9_0' is selected.
21:52:12 INFO  : Processor reset is completed for 'ps7_cortexa9_0'.
21:52:13 INFO  : Context for processor 'ps7_cortexa9_0' is selected.
21:52:13 INFO  : The application 'G:/Git/fpgaLearning/YeHuo/vivado2018/mio/mio/mio.sdk/mioSDK/Debug/mioSDK.elf' is downloaded to processor 'ps7_cortexa9_0'.
21:52:13 INFO  : 'configparams force-mem-access 0' command is executed.
21:52:13 INFO  : ----------------XSDB Script----------------
connect -url tcp:127.0.0.1:3121
source G:/Git/fpgaLearning/YeHuo/vivado2018/mio/mio/mio.sdk/mio_design_wrapper_hw_platform_0/ps7_init.tcl
targets -set -nocase -filter {name =~"APU*" && jtag_cable_name =~ "Digilent JTAG-SMT3 210357A7D00EA"} -index 0
loadhw -hw G:/Git/fpgaLearning/YeHuo/vivado2018/mio/mio/mio.sdk/mio_design_wrapper_hw_platform_0/system.hdf -mem-ranges [list {0x40000000 0xbfffffff}]
configparams force-mem-access 1
targets -set -nocase -filter {name =~"APU*" && jtag_cable_name =~ "Digilent JTAG-SMT3 210357A7D00EA"} -index 0
stop
ps7_init
ps7_post_config
targets -set -nocase -filter {name =~ "ARM*#0" && jtag_cable_name =~ "Digilent JTAG-SMT3 210357A7D00EA"} -index 0
rst -processor
targets -set -nocase -filter {name =~ "ARM*#0" && jtag_cable_name =~ "Digilent JTAG-SMT3 210357A7D00EA"} -index 0
dow G:/Git/fpgaLearning/YeHuo/vivado2018/mio/mio/mio.sdk/mioSDK/Debug/mioSDK.elf
configparams force-mem-access 0
----------------End of Script----------------

21:52:14 INFO  : Context for processor 'ps7_cortexa9_0' is selected.
21:52:14 INFO  : 'con' command is executed.
21:52:14 INFO  : ----------------XSDB Script (After Launch)----------------
targets -set -nocase -filter {name =~ "ARM*#0" && jtag_cable_name =~ "Digilent JTAG-SMT3 210357A7D00EA"} -index 0
con
----------------End of Script----------------

21:52:14 INFO  : Launch script is exported to file 'G:\Git\fpgaLearning\YeHuo\vivado2018\mio\mio\mio.sdk\.sdk\launch_scripts\xilinx_c-c++_application_(system_debugger)\system_debugger_using_debug_miosdk.elf_on_local.tcl'
21:54:04 INFO  : Example project mioSDK_bsp_xgpiops_polled_example_1 has been created successfully.
22:00:42 INFO  : Disconnected from the channel tcfchan#1.
22:00:43 INFO  : Connected to target on host '127.0.0.1' and port '3121'.
22:00:44 INFO  : Jtag cable 'Digilent JTAG-SMT3 210357A7D00EA' is selected.
22:00:44 INFO  : 'jtag frequency' command is executed.
22:00:44 INFO  : Sourcing of 'G:/Git/fpgaLearning/YeHuo/vivado2018/mio/mio/mio.sdk/mio_design_wrapper_hw_platform_0/ps7_init.tcl' is done.
22:00:44 INFO  : Context for 'APU' is selected.
22:00:45 INFO  : Hardware design information is loaded from 'G:/Git/fpgaLearning/YeHuo/vivado2018/mio/mio/mio.sdk/mio_design_wrapper_hw_platform_0/system.hdf'.
22:00:45 INFO  : 'configparams force-mem-access 1' command is executed.
22:00:45 INFO  : Context for 'APU' is selected.
22:00:45 INFO  : 'stop' command is executed.
22:00:46 INFO  : 'ps7_init' command is executed.
22:00:46 INFO  : 'ps7_post_config' command is executed.
22:00:46 INFO  : Context for processor 'ps7_cortexa9_0' is selected.
22:00:46 INFO  : Processor reset is completed for 'ps7_cortexa9_0'.
22:00:46 INFO  : Context for processor 'ps7_cortexa9_0' is selected.
22:00:46 INFO  : The application 'G:/Git/fpgaLearning/YeHuo/vivado2018/mio/mio/mio.sdk/mioSDK/Debug/mioSDK.elf' is downloaded to processor 'ps7_cortexa9_0'.
22:00:46 INFO  : 'configparams force-mem-access 0' command is executed.
22:00:46 INFO  : ----------------XSDB Script----------------
connect -url tcp:127.0.0.1:3121
source G:/Git/fpgaLearning/YeHuo/vivado2018/mio/mio/mio.sdk/mio_design_wrapper_hw_platform_0/ps7_init.tcl
targets -set -nocase -filter {name =~"APU*" && jtag_cable_name =~ "Digilent JTAG-SMT3 210357A7D00EA"} -index 0
loadhw -hw G:/Git/fpgaLearning/YeHuo/vivado2018/mio/mio/mio.sdk/mio_design_wrapper_hw_platform_0/system.hdf -mem-ranges [list {0x40000000 0xbfffffff}]
configparams force-mem-access 1
targets -set -nocase -filter {name =~"APU*" && jtag_cable_name =~ "Digilent JTAG-SMT3 210357A7D00EA"} -index 0
stop
ps7_init
ps7_post_config
targets -set -nocase -filter {name =~ "ARM*#0" && jtag_cable_name =~ "Digilent JTAG-SMT3 210357A7D00EA"} -index 0
rst -processor
targets -set -nocase -filter {name =~ "ARM*#0" && jtag_cable_name =~ "Digilent JTAG-SMT3 210357A7D00EA"} -index 0
dow G:/Git/fpgaLearning/YeHuo/vivado2018/mio/mio/mio.sdk/mioSDK/Debug/mioSDK.elf
configparams force-mem-access 0
----------------End of Script----------------

22:00:46 INFO  : Context for processor 'ps7_cortexa9_0' is selected.
22:00:46 INFO  : 'con' command is executed.
22:00:46 INFO  : ----------------XSDB Script (After Launch)----------------
targets -set -nocase -filter {name =~ "ARM*#0" && jtag_cable_name =~ "Digilent JTAG-SMT3 210357A7D00EA"} -index 0
con
----------------End of Script----------------

22:00:46 INFO  : Launch script is exported to file 'G:\Git\fpgaLearning\YeHuo\vivado2018\mio\mio\mio.sdk\.sdk\launch_scripts\xilinx_c-c++_application_(system_debugger)\system_debugger_using_debug_miosdk.elf_on_local.tcl'
22:01:01 INFO  : Disconnected from the channel tcfchan#2.
