#-----------------------------------------------------------
# Webtalk v2018.3 (64-bit)
# SW Build 2405991 on Thu Dec  6 23:38:27 MST 2018
# 
# Start of session at: Wed Aug 28 23:30:14 2024
# Process ID: 6804
# Current directory: G:/Git/fpgaLearning/YeHuo/vivado2018/multi_GPIO/multi_GPIO/multi_GPIO.sdk/webtalk
# Command line: wbtcv.exe -mode batch -source sdk_webtalk.tcl
# Log file: G:/Git/fpgaLearning/YeHuo/vivado2018/multi_GPIO/multi_GPIO/multi_GPIO.sdk/webtalk/webtalk.log
# Journal file: G:/Git/fpgaLearning/YeHuo/vivado2018/multi_GPIO/multi_GPIO/multi_GPIO.sdk/webtalk\webtalk.jou
#-----------------------------------------------------------
source sdk_webtalk.tcl
# webtalk_init -webtalk_dir G:\\Git\\fpgaLearning\\YeHuo\\vivado2018\\multi_GPIO\\multi_GPIO\\multi_GPIO.sdk\\webtalk
# webtalk_register_client -client project
# webtalk_add_data -client project -key date_generated -value "2024-08-28 23:30:11" -context "software_version_and_target_device"
# webtalk_add_data -client project -key product_version -value "SDK v2018.3" -context "software_version_and_target_device"
# webtalk_add_data -client project -key build_version -value "2018.3" -context "software_version_and_target_device"
# webtalk_add_data -client project -key os_platform -value "amd64" -context "software_version_and_target_device"
# webtalk_add_data -client project -key registration_id -value "" -context "software_version_and_target_device"
# webtalk_add_data -client project -key tool_flow -value "SDK" -context "software_version_and_target_device"
# webtalk_add_data -client project -key beta -value "false" -context "software_version_and_target_device"
# webtalk_add_data -client project -key route_design -value "NA" -context "software_version_and_target_device"
# webtalk_add_data -client project -key target_family -value "NA" -context "software_version_and_target_device"
# webtalk_add_data -client project -key target_device -value "NA" -context "software_version_and_target_device"
# webtalk_add_data -client project -key target_package -value "NA" -context "software_version_and_target_device"
# webtalk_add_data -client project -key target_speed -value "NA" -context "software_version_and_target_device"
# webtalk_add_data -client project -key random_id -value "qh2p2977te4cloojorhbh7kkm0" -context "software_version_and_target_device"
# webtalk_add_data -client project -key project_id -value "2018.3_5" -context "software_version_and_target_device"
# webtalk_add_data -client project -key project_iteration -value "5" -context "software_version_and_target_device"
# webtalk_add_data -client project -key os_name -value "Microsoft Windows 8 or later , 64-bit" -context "user_environment"
# webtalk_add_data -client project -key os_release -value "major release  (build 9200)" -context "user_environment"
# webtalk_add_data -client project -key cpu_name -value "Intel(R) Xeon(R) CPU E5-2698B v3 @ 2.00GHz" -context "user_environment"
# webtalk_add_data -client project -key cpu_speed -value "1995 MHz" -context "user_environment"
# webtalk_add_data -client project -key total_processors -value "1" -context "user_environment"
# webtalk_add_data -client project -key system_ram -value "34.193 GB" -context "user_environment"
# webtalk_register_client -client sdk
# webtalk_add_data -client sdk -key uid -value "1724858749468" -context "sdk\\\\hardware/1724858749468"
# webtalk_add_data -client sdk -key isZynq -value "true" -context "sdk\\\\hardware/1724858749468"
# webtalk_add_data -client sdk -key isZynqMP -value "false" -context "sdk\\\\hardware/1724858749468"
# webtalk_add_data -client sdk -key Processors -value "2" -context "sdk\\\\hardware/1724858749468"
# webtalk_add_data -client sdk -key VivadoVersion -value "2018.3" -context "sdk\\\\hardware/1724858749468"
# webtalk_add_data -client sdk -key Arch -value "zynq" -context "sdk\\\\hardware/1724858749468"
# webtalk_add_data -client sdk -key Device -value "7z010" -context "sdk\\\\hardware/1724858749468"
# webtalk_add_data -client sdk -key IsHandoff -value "true" -context "sdk\\\\hardware/1724858749468"
# webtalk_add_data -client sdk -key os -value "NA" -context "sdk\\\\hardware/1724858749468"
# webtalk_add_data -client sdk -key apptemplate -value "NA" -context "sdk\\\\hardware/1724858749468"
# webtalk_add_data -client sdk -key RecordType -value "HWCreation" -context "sdk\\\\hardware/1724858749468"
# webtalk_add_data -client sdk -key uid -value "1724858811278" -context "sdk\\\\bsp/1724858811278"
# webtalk_add_data -client sdk -key hwid -value "1724858749468" -context "sdk\\\\bsp/1724858811278"
# webtalk_add_data -client sdk -key os -value "standalone" -context "sdk\\\\bsp/1724858811278"
# webtalk_add_data -client sdk -key apptemplate -value "empty_application" -context "sdk\\\\bsp/1724858811278"
# webtalk_add_data -client sdk -key RecordType -value "BSPCreation" -context "sdk\\\\bsp/1724858811278"
# webtalk_add_data -client sdk -key uid -value "1724858817578" -context "sdk\\\\application/1724858817578"
# webtalk_add_data -client sdk -key hwid -value "1724858749468" -context "sdk\\\\application/1724858817578"
# webtalk_add_data -client sdk -key bspid -value "1724858811278" -context "sdk\\\\application/1724858817578"
# webtalk_add_data -client sdk -key newbsp -value "true" -context "sdk\\\\application/1724858817578"
# webtalk_add_data -client sdk -key os -value "standalone" -context "sdk\\\\application/1724858817578"
# webtalk_add_data -client sdk -key apptemplate -value "empty_application" -context "sdk\\\\application/1724858817578"
# webtalk_add_data -client sdk -key RecordType -value "APPCreation" -context "sdk\\\\application/1724858817578"
# webtalk_add_data -client sdk -key LangUsed -value "C" -context "sdk\\\\application/1724858817578"
# webtalk_add_data -client sdk -key Procused -value "ps7_cortexa9" -context "sdk\\\\application/1724858817578"
# webtalk_add_data -client sdk -key projSize -value "288.08203125" -context "sdk\\\\application/1724858817578"
# webtalk_add_data -client sdk -key uid -value "NA" -context "sdk\\\\bsp/1724859011294"
# webtalk_add_data -client sdk -key RecordType -value "ToolUsage" -context "sdk\\\\bsp/1724859011294"
# webtalk_add_data -client sdk -key BootgenCount -value "0" -context "sdk\\\\bsp/1724859011294"
# webtalk_add_data -client sdk -key DebugCount -value "0" -context "sdk\\\\bsp/1724859011294"
# webtalk_add_data -client sdk -key PerfCount -value "0" -context "sdk\\\\bsp/1724859011294"
# webtalk_add_data -client sdk -key FlashCount -value "0" -context "sdk\\\\bsp/1724859011294"
# webtalk_add_data -client sdk -key CrossTriggCount -value "0" -context "sdk\\\\bsp/1724859011294"
# webtalk_add_data -client sdk -key QemuDebugCount -value "0" -context "sdk\\\\bsp/1724859011294"
# webtalk_transmit -clientid 4034629651 -regid "" -xml G:\\Git\\fpgaLearning\\YeHuo\\vivado2018\\multi_GPIO\\multi_GPIO\\multi_GPIO.sdk\\webtalk\\usage_statistics_ext_sdk.xml -html G:\\Git\\fpgaLearning\\YeHuo\\vivado2018\\multi_GPIO\\multi_GPIO\\multi_GPIO.sdk\\webtalk\\usage_statistics_ext_sdk.html -wdm G:\\Git\\fpgaLearning\\YeHuo\\vivado2018\\multi_GPIO\\multi_GPIO\\multi_GPIO.sdk\\webtalk\\sdk_webtalk.wdm -intro "<H3>SDK Usage Report</H3><BR>"
# webtalk_terminate
INFO: [Common 17-206] Exiting Webtalk at Wed Aug 28 23:30:22 2024...
