23:39:16 INFO  : Registering command handlers for SDK TCF services
23:39:17 INFO  : Launching XSCT server: xsct.bat -interactive G:\Git\fpgaLearning\YeHuo\vivado2018\led_zynq\led_ip_pl\led_ip_pl.sdk\temp_xsdb_launch_script.tcl
23:39:21 INFO  : XSCT server has started successfully.
23:39:21 INFO  : Successfully done setting XSCT server connection channel  
23:39:22 INFO  : Successfully done setting SDK workspace  
23:39:22 INFO  : Processing command line option -hwspec G:/Git/fpgaLearning/YeHuo/vivado2018/led_zynq/led_ip_pl/led_ip_pl.sdk/led_ip_design_wrapper.hdf.
21:36:02 INFO  : Registering command handlers for SDK TCF services
21:36:03 INFO  : Launching XSCT server: xsct.bat -interactive G:\Git\fpgaLearning\YeHuo\vivado2018\led_zynq\led_ip_pl\led_ip_pl.sdk\temp_xsdb_launch_script.tcl
21:36:07 INFO  : XSCT server has started successfully.
21:36:08 INFO  : Successfully done setting XSCT server connection channel  
21:36:08 INFO  : Successfully done setting SDK workspace  
21:36:08 INFO  : Processing command line option -hwspec G:/Git/fpgaLearning/YeHuo/vivado2018/led_zynq/led_ip_pl/led_ip_pl.sdk/led_ip_design_wrapper.hdf.
21:36:08 INFO  : Checking for hwspec changes in the project led_ip_design_wrapper_hw_platform_0.
21:46:06 INFO  : 'targets -set -filter {jtag_cable_name =~ "Digilent JTAG-SMT3 210357A7D00EA" && level==0} -index 1' command is executed.
21:46:06 INFO  : 'fpga -state' command is executed.
21:46:08 INFO  : Memory regions updated for context APU
21:46:20 INFO  : Connected to target on host '127.0.0.1' and port '3121'.
21:46:20 INFO  : Jtag cable 'Digilent JTAG-SMT3 210357A7D00EA' is selected.
21:46:20 INFO  : 'jtag frequency' command is executed.
21:46:20 INFO  : Sourcing of 'G:/Git/fpgaLearning/YeHuo/vivado2018/led_zynq/led_ip_pl/led_ip_pl.sdk/led_ip_design_wrapper_hw_platform_0/ps7_init.tcl' is done.
21:46:20 INFO  : Context for 'APU' is selected.
21:46:20 INFO  : System reset is completed.
21:46:23 INFO  : 'after 3000' command is executed.
21:46:23 INFO  : 'targets -set -filter {jtag_cable_name =~ "Digilent JTAG-SMT3 210357A7D00EA" && level==0} -index 1' command is executed.
21:46:24 INFO  : FPGA configured successfully with bitstream "G:/Git/fpgaLearning/YeHuo/vivado2018/led_zynq/led_ip_pl/led_ip_pl.sdk/led_ip_design_wrapper_hw_platform_0/led_ip_design_wrapper.bit"
21:46:25 INFO  : Context for 'APU' is selected.
21:46:25 INFO  : Hardware design information is loaded from 'G:/Git/fpgaLearning/YeHuo/vivado2018/led_zynq/led_ip_pl/led_ip_pl.sdk/led_ip_design_wrapper_hw_platform_0/system.hdf'.
21:46:25 INFO  : 'configparams force-mem-access 1' command is executed.
21:46:25 INFO  : Context for 'APU' is selected.
21:46:25 INFO  : 'ps7_init' command is executed.
21:46:25 INFO  : 'ps7_post_config' command is executed.
21:46:26 INFO  : Context for processor 'ps7_cortexa9_0' is selected.
21:46:26 INFO  : The application 'G:/Git/fpgaLearning/YeHuo/vivado2018/led_zynq/led_ip_pl/led_ip_pl.sdk/led_ip_sdk/Debug/led_ip_sdk.elf' is downloaded to processor 'ps7_cortexa9_0'.
21:46:26 INFO  : 'configparams force-mem-access 0' command is executed.
21:46:26 INFO  : ----------------XSDB Script----------------
connect -url tcp:127.0.0.1:3121
source G:/Git/fpgaLearning/YeHuo/vivado2018/led_zynq/led_ip_pl/led_ip_pl.sdk/led_ip_design_wrapper_hw_platform_0/ps7_init.tcl
targets -set -nocase -filter {name =~"APU*" && jtag_cable_name =~ "Digilent JTAG-SMT3 210357A7D00EA"} -index 0
rst -system
after 3000
targets -set -filter {jtag_cable_name =~ "Digilent JTAG-SMT3 210357A7D00EA" && level==0} -index 1
fpga -file G:/Git/fpgaLearning/YeHuo/vivado2018/led_zynq/led_ip_pl/led_ip_pl.sdk/led_ip_design_wrapper_hw_platform_0/led_ip_design_wrapper.bit
targets -set -nocase -filter {name =~"APU*" && jtag_cable_name =~ "Digilent JTAG-SMT3 210357A7D00EA"} -index 0
loadhw -hw G:/Git/fpgaLearning/YeHuo/vivado2018/led_zynq/led_ip_pl/led_ip_pl.sdk/led_ip_design_wrapper_hw_platform_0/system.hdf -mem-ranges [list {0x40000000 0xbfffffff}]
configparams force-mem-access 1
targets -set -nocase -filter {name =~"APU*" && jtag_cable_name =~ "Digilent JTAG-SMT3 210357A7D00EA"} -index 0
ps7_init
ps7_post_config
targets -set -nocase -filter {name =~ "ARM*#0" && jtag_cable_name =~ "Digilent JTAG-SMT3 210357A7D00EA"} -index 0
dow G:/Git/fpgaLearning/YeHuo/vivado2018/led_zynq/led_ip_pl/led_ip_pl.sdk/led_ip_sdk/Debug/led_ip_sdk.elf
configparams force-mem-access 0
----------------End of Script----------------

21:46:26 INFO  : Memory regions updated for context APU
21:46:26 INFO  : Context for processor 'ps7_cortexa9_0' is selected.
21:46:26 INFO  : 'con' command is executed.
21:46:26 INFO  : ----------------XSDB Script (After Launch)----------------
targets -set -nocase -filter {name =~ "ARM*#0" && jtag_cable_name =~ "Digilent JTAG-SMT3 210357A7D00EA"} -index 0
con
----------------End of Script----------------

21:46:26 INFO  : Launch script is exported to file 'G:\Git\fpgaLearning\YeHuo\vivado2018\led_zynq\led_ip_pl\led_ip_pl.sdk\.sdk\launch_scripts\xilinx_c-c++_application_(system_debugger)\system_debugger_using_debug_led_ip_sdk.elf_on_local.tcl'
21:53:53 INFO  : Disconnected from the channel tcfchan#1.
21:53:54 INFO  : Connected to target on host '127.0.0.1' and port '3121'.
21:53:54 INFO  : Jtag cable 'Digilent JTAG-SMT3 210357A7D00EA' is selected.
21:53:54 INFO  : 'jtag frequency' command is executed.
21:53:54 INFO  : Sourcing of 'G:/Git/fpgaLearning/YeHuo/vivado2018/led_zynq/led_ip_pl/led_ip_pl.sdk/led_ip_design_wrapper_hw_platform_0/ps7_init.tcl' is done.
21:53:54 INFO  : Context for 'APU' is selected.
21:53:54 INFO  : System reset is completed.
21:53:57 INFO  : 'after 3000' command is executed.
21:53:57 INFO  : 'targets -set -filter {jtag_cable_name =~ "Digilent JTAG-SMT3 210357A7D00EA" && level==0} -index 1' command is executed.
21:53:59 INFO  : FPGA configured successfully with bitstream "G:/Git/fpgaLearning/YeHuo/vivado2018/led_zynq/led_ip_pl/led_ip_pl.sdk/led_ip_design_wrapper_hw_platform_0/led_ip_design_wrapper.bit"
21:53:59 INFO  : Context for 'APU' is selected.
21:54:00 INFO  : Hardware design information is loaded from 'G:/Git/fpgaLearning/YeHuo/vivado2018/led_zynq/led_ip_pl/led_ip_pl.sdk/led_ip_design_wrapper_hw_platform_0/system.hdf'.
21:54:00 INFO  : 'configparams force-mem-access 1' command is executed.
21:54:00 INFO  : Context for 'APU' is selected.
21:54:01 INFO  : 'ps7_init' command is executed.
21:54:01 INFO  : 'ps7_post_config' command is executed.
21:54:01 INFO  : Context for processor 'ps7_cortexa9_0' is selected.
21:54:01 INFO  : The application 'G:/Git/fpgaLearning/YeHuo/vivado2018/led_zynq/led_ip_pl/led_ip_pl.sdk/led_ip_sdk/Debug/led_ip_sdk.elf' is downloaded to processor 'ps7_cortexa9_0'.
21:54:01 INFO  : 'configparams force-mem-access 0' command is executed.
21:54:01 INFO  : ----------------XSDB Script----------------
connect -url tcp:127.0.0.1:3121
source G:/Git/fpgaLearning/YeHuo/vivado2018/led_zynq/led_ip_pl/led_ip_pl.sdk/led_ip_design_wrapper_hw_platform_0/ps7_init.tcl
targets -set -nocase -filter {name =~"APU*" && jtag_cable_name =~ "Digilent JTAG-SMT3 210357A7D00EA"} -index 0
rst -system
after 3000
targets -set -filter {jtag_cable_name =~ "Digilent JTAG-SMT3 210357A7D00EA" && level==0} -index 1
fpga -file G:/Git/fpgaLearning/YeHuo/vivado2018/led_zynq/led_ip_pl/led_ip_pl.sdk/led_ip_design_wrapper_hw_platform_0/led_ip_design_wrapper.bit
targets -set -nocase -filter {name =~"APU*" && jtag_cable_name =~ "Digilent JTAG-SMT3 210357A7D00EA"} -index 0
loadhw -hw G:/Git/fpgaLearning/YeHuo/vivado2018/led_zynq/led_ip_pl/led_ip_pl.sdk/led_ip_design_wrapper_hw_platform_0/system.hdf -mem-ranges [list {0x40000000 0xbfffffff}]
configparams force-mem-access 1
targets -set -nocase -filter {name =~"APU*" && jtag_cable_name =~ "Digilent JTAG-SMT3 210357A7D00EA"} -index 0
ps7_init
ps7_post_config
targets -set -nocase -filter {name =~ "ARM*#0" && jtag_cable_name =~ "Digilent JTAG-SMT3 210357A7D00EA"} -index 0
dow G:/Git/fpgaLearning/YeHuo/vivado2018/led_zynq/led_ip_pl/led_ip_pl.sdk/led_ip_sdk/Debug/led_ip_sdk.elf
configparams force-mem-access 0
----------------End of Script----------------

21:54:01 INFO  : Memory regions updated for context APU
21:54:01 INFO  : Context for processor 'ps7_cortexa9_0' is selected.
21:54:01 INFO  : 'con' command is executed.
21:54:01 INFO  : ----------------XSDB Script (After Launch)----------------
targets -set -nocase -filter {name =~ "ARM*#0" && jtag_cable_name =~ "Digilent JTAG-SMT3 210357A7D00EA"} -index 0
con
----------------End of Script----------------

21:54:01 INFO  : Launch script is exported to file 'G:\Git\fpgaLearning\YeHuo\vivado2018\led_zynq\led_ip_pl\led_ip_pl.sdk\.sdk\launch_scripts\xilinx_c-c++_application_(system_debugger)\system_debugger_using_debug_led_ip_sdk.elf_on_local.tcl'
21:55:23 INFO  : Disconnected from the channel tcfchan#2.
